[2025-06-05 16:18:12] [INFO] [main:89] Logging configured. Level: INFO. Log file: C:\Users\Saem1001\Documents\GitHub\OpenCV-Practice\output\run_20250605_161812\logs\d_scope_blink_inspection_20250605_161812.log
[2025-06-05 16:18:12] [INFO] [main:329] D-Scope Blink: Inspection System Started.
[2025-06-05 16:18:12] [INFO] [main:330] Input Directory: C:\Users\Saem1001\Documents\GitHub\OpenCV-Practice\samples
[2025-06-05 16:18:12] [INFO] [main:331] Output Directory (this run): C:\Users\Saem1001\Documents\GitHub\OpenCV-Practice\output\run_20250605_161812
[2025-06-05 16:18:12] [INFO] [main:332] Using Profile: fast_scan
[2025-06-05 16:18:12] [INFO] [main:333] Fiber Type Key for Rules: single_mode_pc
[2025-06-05 16:18:12] [WARNING] [calibration:247] Calibration file 'C:\Users\Saem1001\Documents\GitHub\OpenCV-Practice\calibration.json' not found.
[2025-06-05 16:18:12] [WARNING] [main:354] No calibration data loaded from 'C:\Users\Saem1001\Documents\GitHub\OpenCV-Practice\calibration.json'. Measurements may be in pixels if user dimensions not provided.
[2025-06-05 16:18:12] [INFO] [main:374] Found 1 images to process in 'C:\Users\Saem1001\Documents\GitHub\OpenCV-Practice\samples'.
[2025-06-05 16:18:12] [INFO] [main:381] --- Starting image 1/1: img63.jpg ---
[2025-06-05 16:18:12] [INFO] [main:118] --- Processing image: img63.jpg ---
[2025-06-05 16:18:12] [INFO] [main:122] Step 1: Loading and Preprocessing...
[2025-06-05 16:18:12] [INFO] [image_processing:229] Image 'img63.jpg' loaded successfully.
[2025-06-05 16:18:12] [INFO] [main:139] Step 2: Locating Fiber Structure...
[2025-06-05 16:18:12] [INFO] [image_processing:337] Attempting enhanced multi-method circle detection
[2025-06-05 16:18:12] [INFO] [image_processing:382] HoughCircles detected 3 circle(s).
[2025-06-05 16:18:12] [INFO] [image_processing:426] Cladding (Hough): Center=(585,425), Radius=143px
[2025-06-05 16:18:12] [WARNING] [image_processing:759] No core contours found using Otsu within cladding mask.
[2025-06-05 16:18:12] [WARNING] [image_processing:762] Core detection defaulting to 0.4 * cladding radius.
[2025-06-05 16:18:12] [INFO] [main:173] No µm/px scale available for img63.jpg. Measurements will be in pixels.
[2025-06-05 16:18:12] [INFO] [main:177] Step 3: Generating Zone Masks...
[2025-06-05 16:18:12] [INFO] [main:209] Step 4: Detecting Defects in Zones...
[2025-06-05 16:18:12] [ERROR] [main:411] Unexpected error processing img63.jpg: name 'working_image' is not defined
Traceback (most recent call last):
  File "C:\Users\Saem1001\Documents\GitHub\OpenCV-Practice\main.py", line 386, in execute_inspection_run
    summary = process_single_image( # Process single image.
        image_file_path,
    ...<6 lines>...
        args_namespace.fiber_type
    )
  File "C:\Users\Saem1001\Documents\GitHub\OpenCV-Practice\main.py", line 223, in process_single_image
    defects_in_zone_mask, zone_confidence_map = detect_defects(
                                                ~~~~~~~~~~~~~~^
        processed_image, zone_mask_np, zone_name, profile_config, global_algo_params
        ^^^^^^^^^^^^^^^^^^^^^^^^^^^^^^^^^^^^^^^^^^^^^^^^^^^^^^^^^^^^^^^^^^^^^^^^^^^^
    )
    ^
  File "C:\Users\Saem1001\Documents\GitHub\OpenCV-Practice\image_processing.py", line 1518, in detect_defects
    final_defect_mask_in_zone = validate_defect_mask(final_defect_mask_in_zone, working_image, zone_name)
                                                                                ^^^^^^^^^^^^^
NameError: name 'working_image' is not defined
[2025-06-05 16:18:12] [INFO] [main:429] Batch summary report saved to: C:\Users\Saem1001\Documents\GitHub\OpenCV-Practice\output\run_20250605_161812\batch_summary_report.csv
[2025-06-05 16:18:12] [INFO] [main:436] --- D-Scope Blink: Batch Processing Complete ---
[2025-06-05 16:18:12] [INFO] [main:437] Total images processed: 1
[2025-06-05 16:18:12] [INFO] [main:438] Total batch duration: 0.25 seconds.
[2025-06-05 16:18:12] [INFO] [main:439] All reports for this run saved in: C:\Users\Saem1001\Documents\GitHub\OpenCV-Practice\output\run_20250605_161812
