[2025-06-05 16:59:29] [INFO] [main:89] Logging configured. Level: INFO. Log file: C:\Users\Saem1001\Documents\GitHub\OpenCV-Practice\output\run_20250605_165929\logs\d_scope_blink_inspection_20250605_165929.log
[2025-06-05 16:59:29] [INFO] [main:329] D-Scope Blink: Inspection System Started.
[2025-06-05 16:59:29] [INFO] [main:330] Input Directory: C:\Users\Saem1001\Documents\GitHub\OpenCV-Practice\New folder
[2025-06-05 16:59:29] [INFO] [main:331] Output Directory (this run): C:\Users\Saem1001\Documents\GitHub\OpenCV-Practice\output\run_20250605_165929
[2025-06-05 16:59:29] [INFO] [main:332] Using Profile: fast_scan
[2025-06-05 16:59:29] [INFO] [main:333] Fiber Type Key for Rules: single_mode_pc
[2025-06-05 16:59:29] [WARNING] [calibration:247] Calibration file 'C:\Users\Saem1001\Documents\GitHub\OpenCV-Practice\calibration.json' not found.
[2025-06-05 16:59:29] [WARNING] [main:354] No calibration data loaded from 'C:\Users\Saem1001\Documents\GitHub\OpenCV-Practice\calibration.json'. Measurements may be in pixels if user dimensions not provided.
[2025-06-05 16:59:29] [INFO] [main:374] Found 3 images to process in 'C:\Users\Saem1001\Documents\GitHub\OpenCV-Practice\New folder'.
[2025-06-05 16:59:29] [INFO] [main:381] --- Starting image 1/3: 13_s.bmp ---
[2025-06-05 16:59:29] [INFO] [main:118] --- Processing image: 13_s.bmp ---
[2025-06-05 16:59:29] [INFO] [main:122] Step 1: Loading and Preprocessing...
[2025-06-05 16:59:29] [INFO] [image_processing:229] Image '13_s.bmp' loaded successfully.
[2025-06-05 16:59:29] [INFO] [main:139] Step 2: Locating Fiber Structure...
[2025-06-05 16:59:29] [INFO] [image_processing:337] Attempting enhanced multi-method circle detection
[2025-06-05 16:59:29] [WARNING] [image_processing:435] HoughCircles found no circles initially (and template matching did not yield a result).
[2025-06-05 16:59:29] [WARNING] [image_processing:442] Attempting adaptive threshold contour fitting fallback for cladding detection.
[2025-06-05 16:59:29] [WARNING] [image_processing:556] Adaptive thresholding did not yield any suitable fiber contours after filtering.
[2025-06-05 16:59:29] [INFO] [image_processing:566] Attempting circle-fit library method as a further fallback for cladding detection.
[2025-06-05 16:59:29] [WARNING] [image_processing:624] Not enough contour points (0) for robust circle-fit library method.
[2025-06-05 16:59:29] [ERROR] [image_processing:637] Failed to localize fiber cladding by any method.
[2025-06-05 16:59:29] [ERROR] [main:142] Failed to localize fiber structure in 13_s.bmp. Skipping.
[2025-06-05 16:59:29] [INFO] [main:381] --- Starting image 2/3: 14_s.bmp ---
[2025-06-05 16:59:29] [INFO] [main:118] --- Processing image: 14_s.bmp ---
[2025-06-05 16:59:29] [INFO] [main:122] Step 1: Loading and Preprocessing...
[2025-06-05 16:59:29] [INFO] [image_processing:229] Image '14_s.bmp' loaded successfully.
[2025-06-05 16:59:29] [INFO] [main:139] Step 2: Locating Fiber Structure...
[2025-06-05 16:59:29] [INFO] [image_processing:337] Attempting enhanced multi-method circle detection
[2025-06-05 16:59:29] [WARNING] [image_processing:435] HoughCircles found no circles initially (and template matching did not yield a result).
[2025-06-05 16:59:29] [WARNING] [image_processing:442] Attempting adaptive threshold contour fitting fallback for cladding detection.
[2025-06-05 16:59:29] [WARNING] [image_processing:556] Adaptive thresholding did not yield any suitable fiber contours after filtering.
[2025-06-05 16:59:29] [INFO] [image_processing:566] Attempting circle-fit library method as a further fallback for cladding detection.
[2025-06-05 16:59:29] [WARNING] [image_processing:624] Not enough contour points (0) for robust circle-fit library method.
[2025-06-05 16:59:29] [ERROR] [image_processing:637] Failed to localize fiber cladding by any method.
[2025-06-05 16:59:29] [ERROR] [main:142] Failed to localize fiber structure in 14_s.bmp. Skipping.
[2025-06-05 16:59:29] [INFO] [main:381] --- Starting image 3/3: 15_s.bmp ---
[2025-06-05 16:59:29] [INFO] [main:118] --- Processing image: 15_s.bmp ---
[2025-06-05 16:59:29] [INFO] [main:122] Step 1: Loading and Preprocessing...
[2025-06-05 16:59:29] [INFO] [image_processing:229] Image '15_s.bmp' loaded successfully.
[2025-06-05 16:59:29] [INFO] [main:139] Step 2: Locating Fiber Structure...
[2025-06-05 16:59:29] [INFO] [image_processing:337] Attempting enhanced multi-method circle detection
[2025-06-05 16:59:29] [WARNING] [image_processing:435] HoughCircles found no circles initially (and template matching did not yield a result).
[2025-06-05 16:59:29] [WARNING] [image_processing:442] Attempting adaptive threshold contour fitting fallback for cladding detection.
[2025-06-05 16:59:29] [WARNING] [image_processing:556] Adaptive thresholding did not yield any suitable fiber contours after filtering.
[2025-06-05 16:59:29] [INFO] [image_processing:566] Attempting circle-fit library method as a further fallback for cladding detection.
[2025-06-05 16:59:29] [WARNING] [image_processing:624] Not enough contour points (0) for robust circle-fit library method.
[2025-06-05 16:59:29] [ERROR] [image_processing:637] Failed to localize fiber cladding by any method.
[2025-06-05 16:59:29] [ERROR] [main:142] Failed to localize fiber structure in 15_s.bmp. Skipping.
[2025-06-05 16:59:29] [INFO] [main:429] Batch summary report saved to: C:\Users\Saem1001\Documents\GitHub\OpenCV-Practice\output\run_20250605_165929\batch_summary_report.csv
[2025-06-05 16:59:29] [INFO] [main:436] --- D-Scope Blink: Batch Processing Complete ---
[2025-06-05 16:59:29] [INFO] [main:437] Total images processed: 3
[2025-06-05 16:59:29] [INFO] [main:438] Total batch duration: 0.19 seconds.
[2025-06-05 16:59:29] [INFO] [main:439] All reports for this run saved in: C:\Users\Saem1001\Documents\GitHub\OpenCV-Practice\output\run_20250605_165929
