2025-07-05 10:22:57,719 [INFO] Starting Ferrule Image Analysis and Reorganization
2025-07-05 10:22:57,731 [INFO] Created dataset directory structure
2025-07-05 10:22:57,732 [INFO] Found 16 PNG images to analyze
2025-07-05 10:22:57,732 [INFO] Skipping mask/region image: outside_region_original.png
2025-07-05 10:22:57,732 [INFO] Analyzing image: img (74)_ferrule.png
2025-07-05 10:22:57,816 [INFO] Analysis complete: contaminated (severity: 0.307)
2025-07-05 10:22:57,817 [INFO] Analyzing image: 19700101000214-scratch_ferrule.png
2025-07-05 10:22:57,922 [INFO] Analysis complete: scratch (severity: 1.000)
2025-07-05 10:22:57,922 [INFO] Analyzing image: img (49)_ferrule.png
2025-07-05 10:22:57,981 [INFO] Analysis complete: contaminated (severity: 0.306)
2025-07-05 10:22:57,981 [INFO] Analyzing image: 19700101000102-ubet_ferrule.png
2025-07-05 10:22:58,041 [INFO] Analysis complete: contaminated (severity: 0.313)
2025-07-05 10:22:58,041 [INFO] Analyzing image: 19700101000223-scratch_ferrule.png
2025-07-05 10:22:58,132 [INFO] Analysis complete: scratch (severity: 1.000)
2025-07-05 10:22:58,132 [INFO] Skipping mask/region image: outside_region_original(0)(0).png
2025-07-05 10:22:58,132 [INFO] Analyzing image: ferrule.png
2025-07-05 10:22:58,213 [INFO] Analysis complete: scratch (severity: 1.000)
2025-07-05 10:22:58,213 [INFO] Analyzing image: ferrule(0)(0).png
2025-07-05 10:22:58,275 [INFO] Analysis complete: contaminated (severity: 0.265)
2025-07-05 10:22:58,275 [INFO] Analyzing image: img (50)_ferrule.png
2025-07-05 10:22:58,337 [INFO] Analysis complete: contaminated (severity: 0.305)
2025-07-05 10:22:58,338 [INFO] Analyzing image: 19700101000031-_ferrule.png
2025-07-05 10:22:58,396 [INFO] Analysis complete: contaminated (severity: 0.305)
2025-07-05 10:22:58,397 [INFO] Analyzing image: 19700101000222-scratch_ferrule.png
2025-07-05 10:22:58,494 [INFO] Analysis complete: scratch (severity: 1.000)
2025-07-05 10:22:58,494 [INFO] Analyzing image: 19700101000232-scratch_ferrule.png
2025-07-05 10:22:58,578 [INFO] Analysis complete: scratch (severity: 1.000)
2025-07-05 10:22:58,578 [INFO] Analyzing image: 19700101000054-ubet_ferrule.png
2025-07-05 10:22:58,639 [INFO] Analysis complete: contaminated (severity: 0.307)
2025-07-05 10:22:58,639 [INFO] Analyzing image: 19700101000030-_ferrule.png
2025-07-05 10:22:58,698 [INFO] Analysis complete: contaminated (severity: 0.306)
2025-07-05 10:22:58,698 [INFO] Analyzing image: 19700101000233-scratch_ferrule.png
2025-07-05 10:22:58,788 [INFO] Analysis complete: scratch (severity: 1.000)
2025-07-05 10:23:16,013 [INFO] Starting Ferrule Image Analysis and Reorganization
2025-07-05 10:23:16,014 [INFO] Created dataset directory structure
2025-07-05 10:23:16,015 [INFO] Found 16 PNG images to analyze
2025-07-05 10:23:16,015 [INFO] Skipping mask/region image: outside_region_original.png
2025-07-05 10:23:16,015 [INFO] Analyzing image: img (74)_ferrule.png
2025-07-05 10:23:16,099 [INFO] Analysis complete: contaminated (severity: 0.307)
2025-07-05 10:23:16,100 [INFO] Analyzing image: 19700101000214-scratch_ferrule.png
2025-07-05 10:23:16,211 [INFO] Analysis complete: scratch (severity: 1.000)
2025-07-05 10:23:16,211 [INFO] Analyzing image: img (49)_ferrule.png
2025-07-05 10:23:16,270 [INFO] Analysis complete: contaminated (severity: 0.306)
2025-07-05 10:23:16,270 [INFO] Analyzing image: 19700101000102-ubet_ferrule.png
2025-07-05 10:23:16,328 [INFO] Analysis complete: contaminated (severity: 0.313)
2025-07-05 10:23:16,328 [INFO] Analyzing image: 19700101000223-scratch_ferrule.png
2025-07-05 10:23:16,418 [INFO] Analysis complete: scratch (severity: 1.000)
2025-07-05 10:23:16,419 [INFO] Skipping mask/region image: outside_region_original(0)(0).png
2025-07-05 10:23:16,419 [INFO] Analyzing image: ferrule.png
2025-07-05 10:23:16,497 [INFO] Analysis complete: scratch (severity: 1.000)
2025-07-05 10:23:16,498 [INFO] Analyzing image: ferrule(0)(0).png
2025-07-05 10:23:16,557 [INFO] Analysis complete: contaminated (severity: 0.265)
2025-07-05 10:23:16,558 [INFO] Analyzing image: img (50)_ferrule.png
2025-07-05 10:23:16,620 [INFO] Analysis complete: contaminated (severity: 0.305)
2025-07-05 10:23:16,620 [INFO] Analyzing image: 19700101000031-_ferrule.png
2025-07-05 10:23:16,682 [INFO] Analysis complete: contaminated (severity: 0.305)
2025-07-05 10:23:16,682 [INFO] Analyzing image: 19700101000222-scratch_ferrule.png
2025-07-05 10:23:16,786 [INFO] Analysis complete: scratch (severity: 1.000)
2025-07-05 10:23:16,786 [INFO] Analyzing image: 19700101000232-scratch_ferrule.png
2025-07-05 10:23:16,876 [INFO] Analysis complete: scratch (severity: 1.000)
2025-07-05 10:23:16,876 [INFO] Analyzing image: 19700101000054-ubet_ferrule.png
2025-07-05 10:23:16,937 [INFO] Analysis complete: contaminated (severity: 0.307)
2025-07-05 10:23:16,937 [INFO] Analyzing image: 19700101000030-_ferrule.png
2025-07-05 10:23:16,999 [INFO] Analysis complete: contaminated (severity: 0.306)
2025-07-05 10:23:16,999 [INFO] Analyzing image: 19700101000233-scratch_ferrule.png
2025-07-05 10:23:17,091 [INFO] Analysis complete: scratch (severity: 1.000)
2025-07-05 10:23:17,092 [INFO] Analysis complete. Results saved to ferrule_analysis_results.json
2025-07-05 10:23:17,093 [INFO] Analysis report saved to ferrule_analysis_report.md
2025-07-05 10:23:40,169 [INFO] Starting Ferrule Image Analysis and Reorganization
2025-07-05 10:23:40,169 [INFO] Created dataset directory structure
2025-07-05 10:23:40,170 [INFO] Found 16 PNG images to analyze
2025-07-05 10:23:40,170 [INFO] Skipping mask/region image: outside_region_original.png
2025-07-05 10:23:40,170 [INFO] Analyzing image: img (74)_ferrule.png
2025-07-05 10:23:40,248 [INFO] Analysis complete: contaminated (severity: 0.307)
2025-07-05 10:23:40,249 [INFO] Analyzing image: 19700101000214-scratch_ferrule.png
2025-07-05 10:23:40,357 [INFO] Analysis complete: scratch (severity: 1.000)
2025-07-05 10:23:40,357 [INFO] Analyzing image: img (49)_ferrule.png
2025-07-05 10:23:40,419 [INFO] Analysis complete: contaminated (severity: 0.306)
2025-07-05 10:23:40,419 [INFO] Analyzing image: 19700101000102-ubet_ferrule.png
2025-07-05 10:23:40,477 [INFO] Analysis complete: contaminated (severity: 0.313)
2025-07-05 10:23:40,478 [INFO] Analyzing image: 19700101000223-scratch_ferrule.png
2025-07-05 10:23:40,578 [INFO] Analysis complete: scratch (severity: 1.000)
2025-07-05 10:23:40,578 [INFO] Skipping mask/region image: outside_region_original(0)(0).png
2025-07-05 10:23:40,578 [INFO] Analyzing image: ferrule.png
2025-07-05 10:23:40,659 [INFO] Analysis complete: scratch (severity: 1.000)
2025-07-05 10:23:40,660 [INFO] Analyzing image: ferrule(0)(0).png
2025-07-05 10:23:40,718 [INFO] Analysis complete: contaminated (severity: 0.265)
2025-07-05 10:23:40,719 [INFO] Analyzing image: img (50)_ferrule.png
2025-07-05 10:23:40,780 [INFO] Analysis complete: contaminated (severity: 0.305)
2025-07-05 10:23:40,781 [INFO] Analyzing image: 19700101000031-_ferrule.png
2025-07-05 10:23:40,842 [INFO] Analysis complete: contaminated (severity: 0.305)
2025-07-05 10:23:40,842 [INFO] Analyzing image: 19700101000222-scratch_ferrule.png
2025-07-05 10:23:40,943 [INFO] Analysis complete: scratch (severity: 1.000)
2025-07-05 10:23:40,943 [INFO] Analyzing image: 19700101000232-scratch_ferrule.png
2025-07-05 10:23:41,028 [INFO] Analysis complete: scratch (severity: 1.000)
2025-07-05 10:23:41,028 [INFO] Analyzing image: 19700101000054-ubet_ferrule.png
2025-07-05 10:23:41,086 [INFO] Analysis complete: contaminated (severity: 0.307)
2025-07-05 10:23:41,086 [INFO] Analyzing image: 19700101000030-_ferrule.png
2025-07-05 10:23:41,145 [INFO] Analysis complete: contaminated (severity: 0.306)
2025-07-05 10:23:41,145 [INFO] Analyzing image: 19700101000233-scratch_ferrule.png
2025-07-05 10:23:41,233 [INFO] Analysis complete: scratch (severity: 1.000)
2025-07-05 10:23:41,234 [INFO] Analysis complete. Results saved to ferrule_analysis_results.json
2025-07-05 10:23:41,235 [INFO] Analysis report saved to ferrule_analysis_report.md
2025-07-05 10:23:41,236 [INFO] Copied 19700101000214-scratch_ferrule.png -> dataset/train/scratch/scratch_train_0001_eee5eaa7.png
2025-07-05 10:23:41,238 [INFO] Copied 19700101000223-scratch_ferrule.png -> dataset/train/scratch/scratch_train_0002_1f19b0e8.png
2025-07-05 10:23:41,239 [INFO] Copied ferrule.png -> dataset/train/scratch/scratch_train_0003_a0bfc514.png
2025-07-05 10:23:41,240 [INFO] Copied 19700101000222-scratch_ferrule.png -> dataset/train/scratch/scratch_train_0004_3ef888de.png
2025-07-05 10:23:41,242 [INFO] Copied 19700101000232-scratch_ferrule.png -> dataset/val/scratch/scratch_val_0001_f2c69065.png
2025-07-05 10:23:41,243 [INFO] Copied 19700101000233-scratch_ferrule.png -> dataset/test/scratch/scratch_test_0001_57ce8154.png
2025-07-05 10:23:41,244 [INFO] Copied 19700101000102-ubet_ferrule.png -> dataset/train/contaminated/contaminated_train_0001_0049853f.png
2025-07-05 10:23:41,245 [INFO] Copied img (74)_ferrule.png -> dataset/train/contaminated/contaminated_train_0002_33115772.png
2025-07-05 10:23:41,246 [INFO] Copied 19700101000054-ubet_ferrule.png -> dataset/train/contaminated/contaminated_train_0003_33115772.png
2025-07-05 10:23:41,247 [INFO] Copied img (49)_ferrule.png -> dataset/train/contaminated/contaminated_train_0004_c2b95fd6.png
2025-07-05 10:23:41,249 [INFO] Copied 19700101000030-_ferrule.png -> dataset/train/contaminated/contaminated_train_0005_c2b95fd6.png
2025-07-05 10:23:41,250 [INFO] Copied img (50)_ferrule.png -> dataset/val/contaminated/contaminated_val_0001_f018732a.png
2025-07-05 10:23:41,251 [INFO] Copied 19700101000031-_ferrule.png -> dataset/test/contaminated/contaminated_test_0001_f018732a.png
2025-07-05 10:23:41,252 [INFO] Copied ferrule(0)(0).png -> dataset/test/contaminated/contaminated_test_0002_4d6b5a95.png
2025-07-05 10:23:41,252 [INFO] Reorganization complete. Log saved to ferrule_reorganization_log.json
2025-07-05 10:23:41,252 [INFO] Dataset reorganization complete!
2025-07-05 10:23:41,253 [INFO] Process complete. Check the log files for details.
