[2025-06-05 15:37:17] [INFO] [main:89] Logging configured. Level: INFO. Log file: C:\Users\Saem1001\Documents\GitHub\OpenCV-Practice\output\run_20250605_153717\logs\d_scope_blink_inspection_20250605_153717.log
[2025-06-05 15:37:17] [INFO] [main:329] D-Scope Blink: Inspection System Started.
[2025-06-05 15:37:17] [INFO] [main:330] Input Directory: C:\Users\Saem1001\Documents\GitHub\OpenCV-Practice\samples
[2025-06-05 15:37:17] [INFO] [main:331] Output Directory (this run): C:\Users\Saem1001\Documents\GitHub\OpenCV-Practice\output\run_20250605_153717
[2025-06-05 15:37:17] [INFO] [main:332] Using Profile: deep_inspection
[2025-06-05 15:37:17] [INFO] [main:333] Fiber Type Key for Rules: single_mode_pc
[2025-06-05 15:37:17] [WARNING] [calibration:247] Calibration file 'C:\Users\Saem1001\Documents\GitHub\OpenCV-Practice\calibration.json' not found.
[2025-06-05 15:37:17] [WARNING] [main:354] No calibration data loaded from 'C:\Users\Saem1001\Documents\GitHub\OpenCV-Practice\calibration.json'. Measurements may be in pixels if user dimensions not provided.
[2025-06-05 15:37:17] [INFO] [main:374] Found 1 images to process in 'C:\Users\Saem1001\Documents\GitHub\OpenCV-Practice\samples'.
[2025-06-05 15:37:17] [INFO] [main:381] --- Starting image 1/1: img63.jpg ---
[2025-06-05 15:37:17] [INFO] [main:118] --- Processing image: img63.jpg ---
[2025-06-05 15:37:17] [INFO] [main:122] Step 1: Loading and Preprocessing...
[2025-06-05 15:37:17] [INFO] [image_processing:231] Image 'img63.jpg' loaded successfully.
[2025-06-05 15:37:17] [INFO] [main:139] Step 2: Locating Fiber Structure...
[2025-06-05 15:37:17] [INFO] [image_processing:339] Attempting enhanced multi-method circle detection
[2025-06-05 15:37:17] [INFO] [image_processing:384] HoughCircles detected 1 circle(s).
[2025-06-05 15:37:17] [INFO] [image_processing:428] Cladding (Hough): Center=(584,424), Radius=139px
[2025-06-05 15:37:17] [WARNING] [image_processing:729] No core contours found using Otsu within cladding mask.
[2025-06-05 15:37:17] [WARNING] [image_processing:732] Core detection defaulting to 0.4 * cladding radius.
[2025-06-05 15:37:17] [INFO] [main:173] No µm/px scale available for img63.jpg. Measurements will be in pixels.
[2025-06-05 15:37:17] [INFO] [main:177] Step 3: Generating Zone Masks...
[2025-06-05 15:37:17] [INFO] [main:209] Step 4: Detecting Defects in Zones...
