[2025-06-05 17:02:16] [INFO] [main:89] Logging configured. Level: INFO. Log file: C:\Users\Saem1001\Documents\GitHub\OpenCV-Practice\output\run_20250605_170216\logs\d_scope_blink_inspection_20250605_170216.log
[2025-06-05 17:02:16] [INFO] [main:329] D-Scope Blink: Inspection System Started.
[2025-06-05 17:02:16] [INFO] [main:330] Input Directory: C:\Users\Saem1001\Documents\GitHub\OpenCV-Practice\Dimension Scope images\91 um core
[2025-06-05 17:02:16] [INFO] [main:331] Output Directory (this run): C:\Users\Saem1001\Documents\GitHub\OpenCV-Practice\output\run_20250605_170216
[2025-06-05 17:02:16] [INFO] [main:332] Using Profile: deep_inspection
[2025-06-05 17:02:16] [INFO] [main:333] Fiber Type Key for Rules: single_mode_pc
[2025-06-05 17:02:16] [WARNING] [calibration:247] Calibration file 'C:\Users\Saem1001\Documents\GitHub\OpenCV-Practice\calibration.json' not found.
[2025-06-05 17:02:16] [WARNING] [main:354] No calibration data loaded from 'C:\Users\Saem1001\Documents\GitHub\OpenCV-Practice\calibration.json'. Measurements may be in pixels if user dimensions not provided.
[2025-06-05 17:02:16] [INFO] [main:374] Found 21 images to process in 'C:\Users\Saem1001\Documents\GitHub\OpenCV-Practice\Dimension Scope images\91 um core'.
[2025-06-05 17:02:16] [INFO] [main:381] --- Starting image 1/21: 19700101000654-J65548-FT49.jpg ---
[2025-06-05 17:02:16] [INFO] [main:118] --- Processing image: 19700101000654-J65548-FT49.jpg ---
[2025-06-05 17:02:16] [INFO] [main:122] Step 1: Loading and Preprocessing...
[2025-06-05 17:02:16] [INFO] [image_processing:229] Image '19700101000654-J65548-FT49.jpg' loaded successfully.
[2025-06-05 17:02:16] [INFO] [main:139] Step 2: Locating Fiber Structure...
[2025-06-05 17:02:17] [INFO] [image_processing:337] Attempting enhanced multi-method circle detection
[2025-06-05 17:02:17] [INFO] [image_processing:382] HoughCircles detected 73 circle(s).
[2025-06-05 17:02:17] [INFO] [image_processing:426] Cladding (Hough): Center=(606,412), Radius=160px
[2025-06-05 17:02:17] [WARNING] [image_processing:759] No core contours found using Otsu within cladding mask.
[2025-06-05 17:02:17] [WARNING] [image_processing:762] Core detection defaulting to 0.4 * cladding radius.
[2025-06-05 17:02:17] [INFO] [main:173] No µm/px scale available for 19700101000654-J65548-FT49.jpg. Measurements will be in pixels.
[2025-06-05 17:02:17] [INFO] [main:177] Step 3: Generating Zone Masks...
[2025-06-05 17:02:17] [INFO] [main:209] Step 4: Detecting Defects in Zones...
[2025-06-05 20:46:53] [INFO] [main:231] Step 5: Analyzing Defects and Applying Rules...
[2025-06-05 20:46:53] [INFO] [analysis:76] Found 1 potential defect components from fused mask.
[2025-06-05 20:46:53] [WARNING] [analysis:307] FAIL Rule (Pit/Dig Count): Zone 'Core', Count=1, Allowed=0
[2025-06-05 20:46:53] [WARNING] [analysis:354] Pass/Fail Evaluation for 'single_mode_pc': Overall FAIL. Reasons: Zone 'Core': Too many Pits/Digs (1 > 0).
[2025-06-05 20:46:53] [INFO] [main:254] Step 6: Generating Reports...
[2025-06-05 20:46:53] [INFO] [reporting:218] Annotated image saved successfully to 'C:\Users\Saem1001\Documents\GitHub\OpenCV-Practice\output\run_20250605_170216\19700101000654-J65548-FT49\19700101000654-J65548-FT49_annotated.png'.
[2025-06-05 20:46:53] [INFO] [reporting:275] Defect CSV report saved successfully to 'C:\Users\Saem1001\Documents\GitHub\OpenCV-Practice\output\run_20250605_170216\19700101000654-J65548-FT49\19700101000654-J65548-FT49_report.csv'.
[2025-06-05 20:46:54] [INFO] [reporting:400] Polar defect histogram saved successfully to 'C:\Users\Saem1001\Documents\GitHub\OpenCV-Practice\output\run_20250605_170216\19700101000654-J65548-FT49\19700101000654-J65548-FT49_histogram.png'.
[2025-06-05 20:46:54] [INFO] [main:268] --- Finished processing 19700101000654-J65548-FT49.jpg. Duration: 13478.03s ---
[2025-06-05 20:46:54] [WARNING] [advanced_visualization:41] Napari not available. Skipping interactive visualization.
[2025-06-05 20:46:54] [INFO] [main:381] --- Starting image 2/21: 19700101000835-J65539-FT53.jpg ---
[2025-06-05 20:46:54] [INFO] [main:118] --- Processing image: 19700101000835-J65539-FT53.jpg ---
[2025-06-05 20:46:54] [INFO] [main:122] Step 1: Loading and Preprocessing...
[2025-06-05 20:46:54] [INFO] [image_processing:229] Image '19700101000835-J65539-FT53.jpg' loaded successfully.
[2025-06-05 20:46:54] [INFO] [main:139] Step 2: Locating Fiber Structure...
[2025-06-05 20:46:54] [INFO] [image_processing:337] Attempting enhanced multi-method circle detection
[2025-06-05 20:46:54] [INFO] [image_processing:382] HoughCircles detected 1 circle(s).
[2025-06-05 20:46:54] [INFO] [image_processing:426] Cladding (Hough): Center=(596,424), Radius=164px
[2025-06-05 20:46:54] [WARNING] [image_processing:759] No core contours found using Otsu within cladding mask.
[2025-06-05 20:46:54] [WARNING] [image_processing:762] Core detection defaulting to 0.4 * cladding radius.
[2025-06-05 20:46:54] [INFO] [main:173] No µm/px scale available for 19700101000835-J65539-FT53.jpg. Measurements will be in pixels.
[2025-06-05 20:46:54] [INFO] [main:177] Step 3: Generating Zone Masks...
[2025-06-05 20:46:54] [INFO] [main:209] Step 4: Detecting Defects in Zones...
[2025-06-06 00:31:28] [INFO] [main:231] Step 5: Analyzing Defects and Applying Rules...
[2025-06-06 00:31:28] [INFO] [analysis:76] Found 1 potential defect components from fused mask.
[2025-06-06 00:31:28] [WARNING] [analysis:307] FAIL Rule (Pit/Dig Count): Zone 'Core', Count=1, Allowed=0
[2025-06-06 00:31:28] [WARNING] [analysis:354] Pass/Fail Evaluation for 'single_mode_pc': Overall FAIL. Reasons: Zone 'Core': Too many Pits/Digs (1 > 0).
[2025-06-06 00:31:28] [INFO] [main:254] Step 6: Generating Reports...
[2025-06-06 00:31:28] [INFO] [reporting:218] Annotated image saved successfully to 'C:\Users\Saem1001\Documents\GitHub\OpenCV-Practice\output\run_20250605_170216\19700101000835-J65539-FT53\19700101000835-J65539-FT53_annotated.png'.
[2025-06-06 00:31:28] [INFO] [reporting:275] Defect CSV report saved successfully to 'C:\Users\Saem1001\Documents\GitHub\OpenCV-Practice\output\run_20250605_170216\19700101000835-J65539-FT53\19700101000835-J65539-FT53_report.csv'.
[2025-06-06 00:31:28] [INFO] [reporting:400] Polar defect histogram saved successfully to 'C:\Users\Saem1001\Documents\GitHub\OpenCV-Practice\output\run_20250605_170216\19700101000835-J65539-FT53\19700101000835-J65539-FT53_histogram.png'.
[2025-06-06 00:31:28] [INFO] [main:268] --- Finished processing 19700101000835-J65539-FT53.jpg. Duration: 13474.15s ---
[2025-06-06 00:31:28] [WARNING] [advanced_visualization:41] Napari not available. Skipping interactive visualization.
[2025-06-06 00:31:28] [INFO] [main:381] --- Starting image 3/21: 19700101000835-J65539-FTSPARE.jpg ---
[2025-06-06 00:31:28] [INFO] [main:118] --- Processing image: 19700101000835-J65539-FTSPARE.jpg ---
[2025-06-06 00:31:28] [INFO] [main:122] Step 1: Loading and Preprocessing...
[2025-06-06 00:31:28] [INFO] [image_processing:229] Image '19700101000835-J65539-FTSPARE.jpg' loaded successfully.
[2025-06-06 00:31:28] [INFO] [main:139] Step 2: Locating Fiber Structure...
[2025-06-06 00:31:28] [INFO] [image_processing:337] Attempting enhanced multi-method circle detection
[2025-06-06 00:31:28] [INFO] [image_processing:382] HoughCircles detected 1 circle(s).
[2025-06-06 00:31:28] [INFO] [image_processing:426] Cladding (Hough): Center=(596,424), Radius=164px
[2025-06-06 00:31:28] [WARNING] [image_processing:759] No core contours found using Otsu within cladding mask.
[2025-06-06 00:31:28] [WARNING] [image_processing:762] Core detection defaulting to 0.4 * cladding radius.
[2025-06-06 00:31:28] [INFO] [main:173] No µm/px scale available for 19700101000835-J65539-FTSPARE.jpg. Measurements will be in pixels.
[2025-06-06 00:31:28] [INFO] [main:177] Step 3: Generating Zone Masks...
[2025-06-06 00:31:29] [INFO] [main:209] Step 4: Detecting Defects in Zones...
[2025-06-06 04:18:24] [INFO] [main:231] Step 5: Analyzing Defects and Applying Rules...
[2025-06-06 04:18:24] [INFO] [analysis:76] Found 1 potential defect components from fused mask.
[2025-06-06 04:18:24] [WARNING] [analysis:307] FAIL Rule (Pit/Dig Count): Zone 'Core', Count=1, Allowed=0
[2025-06-06 04:18:24] [WARNING] [analysis:354] Pass/Fail Evaluation for 'single_mode_pc': Overall FAIL. Reasons: Zone 'Core': Too many Pits/Digs (1 > 0).
[2025-06-06 04:18:24] [INFO] [main:254] Step 6: Generating Reports...
[2025-06-06 04:18:24] [INFO] [reporting:218] Annotated image saved successfully to 'C:\Users\Saem1001\Documents\GitHub\OpenCV-Practice\output\run_20250605_170216\19700101000835-J65539-FTSPARE\19700101000835-J65539-FTSPARE_annotated.png'.
[2025-06-06 04:18:24] [INFO] [reporting:275] Defect CSV report saved successfully to 'C:\Users\Saem1001\Documents\GitHub\OpenCV-Practice\output\run_20250605_170216\19700101000835-J65539-FTSPARE\19700101000835-J65539-FTSPARE_report.csv'.
[2025-06-06 04:18:25] [INFO] [reporting:400] Polar defect histogram saved successfully to 'C:\Users\Saem1001\Documents\GitHub\OpenCV-Practice\output\run_20250605_170216\19700101000835-J65539-FTSPARE\19700101000835-J65539-FTSPARE_histogram.png'.
[2025-06-06 04:18:25] [INFO] [main:268] --- Finished processing 19700101000835-J65539-FTSPARE.jpg. Duration: 13616.11s ---
[2025-06-06 04:18:25] [WARNING] [advanced_visualization:41] Napari not available. Skipping interactive visualization.
[2025-06-06 04:18:25] [INFO] [main:381] --- Starting image 4/21: 19700101000906-J65548-FT50.jpg ---
[2025-06-06 04:18:25] [INFO] [main:118] --- Processing image: 19700101000906-J65548-FT50.jpg ---
[2025-06-06 04:18:25] [INFO] [main:122] Step 1: Loading and Preprocessing...
[2025-06-06 04:18:25] [INFO] [image_processing:229] Image '19700101000906-J65548-FT50.jpg' loaded successfully.
[2025-06-06 04:18:25] [INFO] [main:139] Step 2: Locating Fiber Structure...
[2025-06-06 04:18:25] [INFO] [image_processing:337] Attempting enhanced multi-method circle detection
[2025-06-06 04:18:25] [INFO] [image_processing:382] HoughCircles detected 1 circle(s).
[2025-06-06 04:18:25] [INFO] [image_processing:426] Cladding (Hough): Center=(598,430), Radius=165px
[2025-06-06 04:18:25] [WARNING] [image_processing:759] No core contours found using Otsu within cladding mask.
[2025-06-06 04:18:25] [WARNING] [image_processing:762] Core detection defaulting to 0.4 * cladding radius.
[2025-06-06 04:18:25] [INFO] [main:173] No µm/px scale available for 19700101000906-J65548-FT50.jpg. Measurements will be in pixels.
[2025-06-06 04:18:25] [INFO] [main:177] Step 3: Generating Zone Masks...
[2025-06-06 04:18:25] [INFO] [main:209] Step 4: Detecting Defects in Zones...
[2025-06-06 08:04:38] [INFO] [main:231] Step 5: Analyzing Defects and Applying Rules...
[2025-06-06 08:04:38] [INFO] [analysis:76] Found 1 potential defect components from fused mask.
[2025-06-06 08:04:38] [WARNING] [analysis:307] FAIL Rule (Pit/Dig Count): Zone 'Core', Count=1, Allowed=0
[2025-06-06 08:04:38] [WARNING] [analysis:354] Pass/Fail Evaluation for 'single_mode_pc': Overall FAIL. Reasons: Zone 'Core': Too many Pits/Digs (1 > 0).
[2025-06-06 08:04:38] [INFO] [main:254] Step 6: Generating Reports...
[2025-06-06 08:04:38] [INFO] [reporting:218] Annotated image saved successfully to 'C:\Users\Saem1001\Documents\GitHub\OpenCV-Practice\output\run_20250605_170216\19700101000906-J65548-FT50\19700101000906-J65548-FT50_annotated.png'.
[2025-06-06 08:04:38] [INFO] [reporting:275] Defect CSV report saved successfully to 'C:\Users\Saem1001\Documents\GitHub\OpenCV-Practice\output\run_20250605_170216\19700101000906-J65548-FT50\19700101000906-J65548-FT50_report.csv'.
[2025-06-06 08:04:38] [INFO] [reporting:400] Polar defect histogram saved successfully to 'C:\Users\Saem1001\Documents\GitHub\OpenCV-Practice\output\run_20250605_170216\19700101000906-J65548-FT50\19700101000906-J65548-FT50_histogram.png'.
[2025-06-06 08:04:38] [INFO] [main:268] --- Finished processing 19700101000906-J65548-FT50.jpg. Duration: 13573.24s ---
[2025-06-06 08:04:38] [WARNING] [advanced_visualization:41] Napari not available. Skipping interactive visualization.
[2025-06-06 08:04:38] [INFO] [main:381] --- Starting image 5/21: 19700101001118-J65539-FT55.jpg ---
[2025-06-06 08:04:38] [INFO] [main:118] --- Processing image: 19700101001118-J65539-FT55.jpg ---
[2025-06-06 08:04:38] [INFO] [main:122] Step 1: Loading and Preprocessing...
[2025-06-06 08:04:38] [INFO] [image_processing:229] Image '19700101001118-J65539-FT55.jpg' loaded successfully.
[2025-06-06 08:04:38] [INFO] [main:139] Step 2: Locating Fiber Structure...
[2025-06-06 08:04:38] [INFO] [image_processing:337] Attempting enhanced multi-method circle detection
[2025-06-06 08:04:38] [INFO] [image_processing:382] HoughCircles detected 1 circle(s).
[2025-06-06 08:04:38] [INFO] [image_processing:426] Cladding (Hough): Center=(592,416), Radius=162px
[2025-06-06 08:04:38] [WARNING] [image_processing:759] No core contours found using Otsu within cladding mask.
[2025-06-06 08:04:38] [WARNING] [image_processing:762] Core detection defaulting to 0.4 * cladding radius.
[2025-06-06 08:04:38] [INFO] [main:173] No µm/px scale available for 19700101001118-J65539-FT55.jpg. Measurements will be in pixels.
[2025-06-06 08:04:38] [INFO] [main:177] Step 3: Generating Zone Masks...
[2025-06-06 08:04:38] [INFO] [main:209] Step 4: Detecting Defects in Zones...
