[2025-06-05 15:39:29] [INFO] [main:89] Logging configured. Level: INFO. Log file: C:\Users\Saem1001\Documents\GitHub\OpenCV-Practice\output\run_20250605_153929\logs\d_scope_blink_inspection_20250605_153929.log
[2025-06-05 15:39:29] [INFO] [main:329] D-Scope Blink: Inspection System Started.
[2025-06-05 15:39:29] [INFO] [main:330] Input Directory: C:\Users\Saem1001\Documents\GitHub\OpenCV-Practice\samples
[2025-06-05 15:39:29] [INFO] [main:331] Output Directory (this run): C:\Users\Saem1001\Documents\GitHub\OpenCV-Practice\output\run_20250605_153929
[2025-06-05 15:39:29] [INFO] [main:332] Using Profile: fast_scan
[2025-06-05 15:39:29] [INFO] [main:333] Fiber Type Key for Rules: single_mode_pc
[2025-06-05 15:39:29] [WARNING] [calibration:247] Calibration file 'C:\Users\Saem1001\Documents\GitHub\OpenCV-Practice\calibration.json' not found.
[2025-06-05 15:39:29] [WARNING] [main:354] No calibration data loaded from 'C:\Users\Saem1001\Documents\GitHub\OpenCV-Practice\calibration.json'. Measurements may be in pixels if user dimensions not provided.
[2025-06-05 15:39:29] [INFO] [main:374] Found 1 images to process in 'C:\Users\Saem1001\Documents\GitHub\OpenCV-Practice\samples'.
[2025-06-05 15:39:29] [INFO] [main:381] --- Starting image 1/1: img63.jpg ---
[2025-06-05 15:39:29] [INFO] [main:118] --- Processing image: img63.jpg ---
[2025-06-05 15:39:29] [INFO] [main:122] Step 1: Loading and Preprocessing...
[2025-06-05 15:39:29] [INFO] [image_processing:231] Image 'img63.jpg' loaded successfully.
[2025-06-05 15:39:29] [INFO] [main:139] Step 2: Locating Fiber Structure...
[2025-06-05 15:39:29] [INFO] [image_processing:339] Attempting enhanced multi-method circle detection
[2025-06-05 15:39:29] [INFO] [image_processing:384] HoughCircles detected 24 circle(s).
[2025-06-05 15:39:29] [INFO] [image_processing:428] Cladding (Hough): Center=(586,425), Radius=143px
[2025-06-05 15:39:29] [WARNING] [image_processing:729] No core contours found using Otsu within cladding mask.
[2025-06-05 15:39:29] [WARNING] [image_processing:732] Core detection defaulting to 0.4 * cladding radius.
[2025-06-05 15:39:29] [INFO] [main:173] No µm/px scale available for img63.jpg. Measurements will be in pixels.
[2025-06-05 15:39:29] [INFO] [main:177] Step 3: Generating Zone Masks...
[2025-06-05 15:39:29] [INFO] [main:209] Step 4: Detecting Defects in Zones...
[2025-06-05 15:39:29] [INFO] [main:231] Step 5: Analyzing Defects and Applying Rules...
[2025-06-05 15:39:29] [INFO] [analysis:76] Found 104 potential defect components from fused mask.
[2025-06-05 15:39:29] [WARNING] [analysis:284] FAIL Rule (Pit/Dig Count): Zone 'Core', Count=1, Allowed=0
[2025-06-05 15:39:29] [WARNING] [analysis:276] FAIL Rule (Scratch Count): Zone 'Cladding', Count=9, Allowed=5
[2025-06-05 15:39:29] [WARNING] [analysis:331] Pass/Fail Evaluation for 'single_mode_pc': Overall FAIL. Reasons: Zone 'Cladding': Too many scratches (9 > 5).; Zone 'Core': Too many Pits/Digs (1 > 0).
[2025-06-05 15:39:29] [INFO] [main:254] Step 6: Generating Reports...
[2025-06-05 15:39:29] [INFO] [reporting:218] Annotated image saved successfully to 'C:\Users\Saem1001\Documents\GitHub\OpenCV-Practice\output\run_20250605_153929\img63\img63_annotated.png'.
[2025-06-05 15:39:29] [INFO] [reporting:275] Defect CSV report saved successfully to 'C:\Users\Saem1001\Documents\GitHub\OpenCV-Practice\output\run_20250605_153929\img63\img63_report.csv'.
[2025-06-05 15:39:30] [ERROR] [main:411] Unexpected error processing img63.jpg: 'PolarAxes' object has no attribute 'get_rlim'
Traceback (most recent call last):
  File "C:\Users\Saem1001\Documents\GitHub\OpenCV-Practice\main.py", line 386, in execute_inspection_run
    summary = process_single_image( # Process single image.
        image_file_path,
    ...<6 lines>...
        args_namespace.fiber_type
    )
  File "C:\Users\Saem1001\Documents\GitHub\OpenCV-Practice\main.py", line 263, in process_single_image
    generate_polar_defect_histogram( # Generate polar histogram.
    ~~~~~~~~~~~~~~~~~~~~~~~~~~~~~~~^^^^^^^^^^^^^^^^^^^^^^^^^^^^^
        analysis_summary, localization_data, zone_masks, fiber_type_key, histogram_path
        ^^^^^^^^^^^^^^^^^^^^^^^^^^^^^^^^^^^^^^^^^^^^^^^^^^^^^^^^^^^^^^^^^^^^^^^^^^^^^^^
    )
    ^
  File "C:\Users\Saem1001\Documents\GitHub\OpenCV-Practice\reporting.py", line 385, in generate_polar_defect_histogram
    ax.set_rticks(np.linspace(0, ax.get_rlim()[1], 5)) # Correct usage for PolarAxes (both set_rticks and get_rlim)
                                 ^^^^^^^^^^^
AttributeError: 'PolarAxes' object has no attribute 'get_rlim'. Did you mean: 'get_xlim'?
[2025-06-05 15:39:30] [INFO] [main:429] Batch summary report saved to: C:\Users\Saem1001\Documents\GitHub\OpenCV-Practice\output\run_20250605_153929\batch_summary_report.csv
[2025-06-05 15:39:30] [INFO] [main:436] --- D-Scope Blink: Batch Processing Complete ---
[2025-06-05 15:39:30] [INFO] [main:437] Total images processed: 1
[2025-06-05 15:39:30] [INFO] [main:438] Total batch duration: 0.96 seconds.
[2025-06-05 15:39:30] [INFO] [main:439] All reports for this run saved in: C:\Users\Saem1001\Documents\GitHub\OpenCV-Practice\output\run_20250605_153929
